<?xml version="1.0" encoding="UTF-8"?>
<Site BuildName="linux-x86_64-gcc"
	BuildStamp="20240322-1223-Experimental"
	Name="leonel-GFAST"
	Generator="ctest-3.29.0-rc4"
	CompilerName=""
	CompilerVersion=""
	OSName="Linux"
	Hostname="leonel-GFAST"
	OSRelease="5.15.0-101-generic"
	OSVersion="#111-Ubuntu SMP Tue Mar 5 20:16:58 UTC 2024"
	OSPlatform="x86_64"
	Is64Bits="1"
	VendorString="GenuineIntel"
	VendorID="Intel Corporation"
	FamilyID="6"
	ModelID="58"
	ProcessorCacheSize="3072"
	NumberOfLogicalCPU="4"
	NumberOfPhysicalCPU="2"
	TotalVirtualMemory="3905"
	TotalPhysicalMemory="7395"
	LogicalProcessorsPerPhysical="2"
	ProcessorClockFrequency="2986.01"
	>
	<Configure>
		<StartDateTime>Mar 22 09:23 -03</StartDateTime>
		<StartConfigureTime>1711110210</StartConfigureTime>
		<ConfigureCommand>"/usr/local/bin/cmake" "-DRUN_COVERAGE=1" "-DCMAKE_BUILD_TYPE:STRING=Debug" "-DCTEST_USE_LAUNCHERS:BOOL=TRUE" "-GNinja" "-S/home/leonel/Desktop/SOII/LAB0SETUP" "-B/home/leonel/Desktop/SOII/LAB0SETUP/build"</ConfigureCommand>
		<Log>Coverage enabled
-- Configuring done (0.9s)
-- Generating done (0.0s)
-- Build files have been written to: /home/leonel/Desktop/SOII/LAB0SETUP/build
</Log>
		<ConfigureStatus>0</ConfigureStatus>
		<EndDateTime>Mar 22 09:23 -03</EndDateTime>
		<EndConfigureTime>1711110211</EndConfigureTime>
		<ElapsedMinutes>0</ElapsedMinutes>
	</Configure>
</Site>
