<?xml version="1.0" encoding="UTF-8"?>
<Site BuildName="linux-x86_64-gcc"
	BuildStamp="20240322-1223-Experimental"
	Name="leonel-GFAST"
	Generator="ctest-3.29.0-rc4"
	CompilerName=""
	CompilerVersion=""
	OSName="Linux"
	Hostname="leonel-GFAST"
	OSRelease="5.15.0-101-generic"
	OSVersion="#111-Ubuntu SMP Tue Mar 5 20:16:58 UTC 2024"
	OSPlatform="x86_64"
	Is64Bits="1"
	VendorString="GenuineIntel"
	VendorID="Intel Corporation"
	FamilyID="6"
	ModelID="58"
	ProcessorCacheSize="3072"
	NumberOfLogicalCPU="4"
	NumberOfPhysicalCPU="2"
	TotalVirtualMemory="3905"
	TotalPhysicalMemory="7395"
	LogicalProcessorsPerPhysical="2"
	ProcessorClockFrequency="2992.96"
	>
	<CoverageLog>
		<StartDateTime>Mar 22 09:23 -03</StartDateTime>
		<StartTime>1711110219</StartTime>
		<File Name="logic.c" FullPath="./src/logic.c">
			<Report>
				<Line Number="0" Count="-1">#include "logic.h"</Line>
				<Line Number="1" Count="-1"></Line>
				<Line Number="2" Count="-1">/**</Line>
				<Line Number="3" Count="-1"> * @brief Add two numbers</Line>
				<Line Number="4" Count="-1"> * @param a First number</Line>
				<Line Number="5" Count="-1"> * @param b Second number</Line>
				<Line Number="6" Count="-1"> * @return Sum of a and b</Line>
				<Line Number="7" Count="-1"> */</Line>
				<Line Number="8" Count="4">int add(int a, int b)</Line>
				<Line Number="9" Count="-1">{</Line>
				<Line Number="10" Count="4">    return a + b;</Line>
				<Line Number="11" Count="-1">}</Line>
				<Line Number="12" Count="-1"></Line>
				<Line Number="13" Count="-1">/**</Line>
				<Line Number="14" Count="-1"> * @brief Subtract two numbers</Line>
				<Line Number="15" Count="-1"> * @param a First number</Line>
				<Line Number="16" Count="-1"> * @param b Second number</Line>
				<Line Number="17" Count="-1"> * @return Difference of a and b</Line>
				<Line Number="18" Count="-1"> */</Line>
				<Line Number="19" Count="4">int subtract(int a, int b)</Line>
				<Line Number="20" Count="-1">{</Line>
				<Line Number="21" Count="4">    return a - b;</Line>
				<Line Number="22" Count="-1">}</Line>
				<Line Number="23" Count="-1"></Line>
				<Line Number="24" Count="-1">/**</Line>
				<Line Number="25" Count="-1"> * @brief Multiply two numbers</Line>
				<Line Number="26" Count="-1"> * @param a First number</Line>
				<Line Number="27" Count="-1"> * @param b Second number</Line>
				<Line Number="28" Count="-1"> * @return Product of a and b</Line>
				<Line Number="29" Count="-1"> */</Line>
				<Line Number="30" Count="4">int multiply(int a, int b)</Line>
				<Line Number="31" Count="-1">{</Line>
				<Line Number="32" Count="4">    return a * b;</Line>
				<Line Number="33" Count="-1">}</Line>
				<Line Number="34" Count="-1"></Line>
				<Line Number="35" Count="-1">/**</Line>
				<Line Number="36" Count="-1"> * @brief Divide two numbers</Line>
				<Line Number="37" Count="-1"> * @param a First number</Line>
				<Line Number="38" Count="-1"> * @param b Second number</Line>
				<Line Number="39" Count="-1"> * @return Quotient of a and b</Line>
				<Line Number="40" Count="-1"> */</Line>
				<Line Number="41" Count="4">double divide(int a, int b)</Line>
				<Line Number="42" Count="-1">{</Line>
				<Line Number="43" Count="4">    if (b != 0)</Line>
				<Line Number="44" Count="4">        return (double) a / b;</Line>
				<Line Number="45" Count="0">    return -1.0;</Line>
				<Line Number="46" Count="-1">}</Line>
				<Line Number="47" Count="-1"></Line>
				<Line Number="48" Count="-1"></Line>
			</Report>
		</File>
		<File Name="test_unit_program.c" FullPath="./tests/unit/test_unit_program.c">
			<Report>
				<Line Number="0" Count="-1">#include &lt;unity.h&gt;</Line>
				<Line Number="1" Count="-1">#include &lt;logic.h&gt;</Line>
				<Line Number="2" Count="-1"></Line>
				<Line Number="3" Count="2">void test_logic_add(void)</Line>
				<Line Number="4" Count="-1">{</Line>
				<Line Number="5" Count="2">    TEST_ASSERT_EQUAL(5, add(2, 3));</Line>
				<Line Number="6" Count="2">    TEST_ASSERT_NOT_EQUAL(6, add(2, 3));</Line>
				<Line Number="7" Count="2">}</Line>
				<Line Number="8" Count="-1"></Line>
				<Line Number="9" Count="2">void test_logic_subtract(void)</Line>
				<Line Number="10" Count="-1">{</Line>
				<Line Number="11" Count="2">    TEST_ASSERT_EQUAL(2, subtract(5, 3));</Line>
				<Line Number="12" Count="2">    TEST_ASSERT_NOT_EQUAL(3, subtract(5, 3));</Line>
				<Line Number="13" Count="2">}</Line>
				<Line Number="14" Count="-1"></Line>
				<Line Number="15" Count="2">void test_logic_multiply(void)</Line>
				<Line Number="16" Count="-1">{</Line>
				<Line Number="17" Count="2">    TEST_ASSERT_EQUAL(6, multiply(2, 3));</Line>
				<Line Number="18" Count="2">    TEST_ASSERT_NOT_EQUAL(7, multiply(2, 3));</Line>
				<Line Number="19" Count="2">}</Line>
				<Line Number="20" Count="-1"></Line>
				<Line Number="21" Count="2">void test_logic_divide(void)</Line>
				<Line Number="22" Count="-1">{</Line>
				<Line Number="23" Count="2">    TEST_ASSERT_EQUAL(3, divide(6, 2));</Line>
				<Line Number="24" Count="2">    TEST_ASSERT_NOT_EQUAL(4, divide(6, 2));</Line>
				<Line Number="25" Count="2">}</Line>
				<Line Number="26" Count="-1"></Line>
				<Line Number="27" Count="8">void setUp(void) </Line>
				<Line Number="28" Count="-1">{</Line>
				<Line Number="29" Count="-1"></Line>
				<Line Number="30" Count="8">}</Line>
				<Line Number="31" Count="-1"></Line>
				<Line Number="32" Count="8">void tearDown(void) </Line>
				<Line Number="33" Count="-1">{</Line>
				<Line Number="34" Count="-1"></Line>
				<Line Number="35" Count="8">}</Line>
				<Line Number="36" Count="-1"></Line>
				<Line Number="37" Count="2">int main(void)</Line>
				<Line Number="38" Count="-1">{</Line>
				<Line Number="39" Count="2">    UNITY_BEGIN();</Line>
				<Line Number="40" Count="2">    RUN_TEST(test_logic_add);</Line>
				<Line Number="41" Count="2">    RUN_TEST(test_logic_subtract);</Line>
				<Line Number="42" Count="2">    RUN_TEST(test_logic_multiply);</Line>
				<Line Number="43" Count="2">    RUN_TEST(test_logic_divide);</Line>
				<Line Number="44" Count="2">    return UNITY_END();</Line>
				<Line Number="45" Count="-1">}</Line>
			</Report>
		</File>
		<EndDateTime>Mar 22 09:23 -03</EndDateTime>
		<EndTime>1711110219</EndTime>
	</CoverageLog>
</Site>
