<?xml version="1.0" encoding="UTF-8"?>
<Site BuildName="linux-x86_64-gcc"
	BuildStamp="20240322-1223-Experimental"
	Name="leonel-GFAST"
	Generator="ctest-3.29.0-rc4"
	CompilerName=""
	CompilerVersion=""
	OSName="Linux"
	Hostname="leonel-GFAST"
	OSRelease="5.15.0-101-generic"
	OSVersion="#111-Ubuntu SMP Tue Mar 5 20:16:58 UTC 2024"
	OSPlatform="x86_64"
	Is64Bits="1"
	VendorString="GenuineIntel"
	VendorID="Intel Corporation"
	FamilyID="6"
	ModelID="58"
	ProcessorCacheSize="3072"
	NumberOfLogicalCPU="4"
	NumberOfPhysicalCPU="2"
	TotalVirtualMemory="3905"
	TotalPhysicalMemory="7395"
	LogicalProcessorsPerPhysical="2"
	ProcessorClockFrequency="2992.96"
	>
	<Coverage>
		<StartDateTime>Mar 22 09:23 -03</StartDateTime>
		<StartTime>1711110219</StartTime>
		<File Name="logic.c" FullPath="./src/logic.c" Covered="true">
			<LOCTested>9</LOCTested>
			<LOCUnTested>1</LOCUnTested>
			<PercentCoverage>90.00</PercentCoverage>
			<CoverageMetric>0.95</CoverageMetric>
		</File>
		<File Name="test_unit_program.c" FullPath="./tests/unit/test_unit_program.c" Covered="true">
			<LOCTested>27</LOCTested>
			<LOCUnTested>0</LOCUnTested>
			<PercentCoverage>100.00</PercentCoverage>
			<CoverageMetric>1.00</CoverageMetric>
		</File>
		<LOCTested>36</LOCTested>
		<LOCUntested>1</LOCUntested>
		<LOC>37</LOC>
		<PercentCoverage>97.30</PercentCoverage>
		<EndDateTime>Mar 22 09:23 -03</EndDateTime>
		<EndTime>1711110219</EndTime>
		<ElapsedMinutes>0</ElapsedMinutes>
	</Coverage>
</Site>
