<?xml version="1.0" encoding="UTF-8"?>
<Site BuildName="linux-x86_64-gcc"
	BuildStamp="20240322-1223-Experimental"
	Name="leonel-GFAST"
	Generator="ctest-3.29.0-rc4"
	CompilerName=""
	CompilerVersion=""
	OSName="Linux"
	Hostname="leonel-GFAST"
	OSRelease="5.15.0-101-generic"
	OSVersion="#111-Ubuntu SMP Tue Mar 5 20:16:58 UTC 2024"
	OSPlatform="x86_64"
	Is64Bits="1"
	VendorString="GenuineIntel"
	VendorID="Intel Corporation"
	FamilyID="6"
	ModelID="58"
	ProcessorCacheSize="3072"
	NumberOfLogicalCPU="4"
	NumberOfPhysicalCPU="2"
	TotalVirtualMemory="3905"
	TotalPhysicalMemory="7395"
	LogicalProcessorsPerPhysical="2"
	ProcessorClockFrequency="2950.29"
	>
	<Testing>
		<StartDateTime>Mar 22 09:23 -03</StartDateTime>
		<StartTestTime>1711110217</StartTestTime>
		<TestList>
			<Test>./tests/test_FirstProjectInCMake</Test>
		</TestList>
		<Test Status="passed">
			<Name>test_FirstProjectInCMake</Name>
			<Path>./tests</Path>
			<FullName>./tests/test_FirstProjectInCMake</FullName>
			<FullCommandLine>/usr/bin/valgrind "--log-file=/home/leonel/Desktop/SOII/LAB0SETUP/build/Testing/Temporary/MemoryChecker.1.log" "--trace-children=yes" "--leak-check=full" "/home/leonel/Desktop/SOII/LAB0SETUP/build/tests/test_FirstProjectInCMake"</FullCommandLine>
			<Results>
				<NamedMeasurement type="numeric/double" name="Execution Time">
					<Value>1.27217</Value>
				</NamedMeasurement>
				<NamedMeasurement type="numeric/double" name="Processors">
					<Value>1</Value>
				</NamedMeasurement>
				<NamedMeasurement type="text/string" name="Completion Status">
					<Value>Completed</Value>
				</NamedMeasurement>
				<NamedMeasurement type="text/string" name="Command Line">
					<Value>/usr/bin/valgrind "--log-file=/home/leonel/Desktop/SOII/LAB0SETUP/build/Testing/Temporary/MemoryChecker.1.log" "--trace-children=yes" "--leak-check=full" "/home/leonel/Desktop/SOII/LAB0SETUP/build/tests/test_FirstProjectInCMake"</Value>
				</NamedMeasurement>
				<NamedMeasurement type="text/string" name="Environment">
					<Value>#CTEST_RESOURCE_GROUP_COUNT=</Value>
				</NamedMeasurement>
				<Measurement>
					<Value>/home/leonel/Desktop/SOII/LAB0SETUP/tests/unit/test_unit_program.c:41:test_logic_add:PASS
/home/leonel/Desktop/SOII/LAB0SETUP/tests/unit/test_unit_program.c:42:test_logic_subtract:PASS
/home/leonel/Desktop/SOII/LAB0SETUP/tests/unit/test_unit_program.c:43:test_logic_multiply:PASS
/home/leonel/Desktop/SOII/LAB0SETUP/tests/unit/test_unit_program.c:44:test_logic_divide:PASS

-----------------------
4 Tests 0 Failures 0 Ignored 
OK
==6378== Memcheck, a memory error detector
==6378== Copyright (C) 2002-2017, and GNU GPL'd, by Julian Seward et al.
==6378== Using Valgrind-3.18.1 and LibVEX; rerun with -h for copyright info
==6378== Command: /home/leonel/Desktop/SOII/LAB0SETUP/build/tests/test_FirstProjectInCMake
==6378== Parent PID: 6217
==6378== 
==6378== 
==6378== HEAP SUMMARY:
==6378==     in use at exit: 0 bytes in 0 blocks
==6378==   total heap usage: 5 allocs, 5 frees, 5,268 bytes allocated
==6378== 
==6378== All heap blocks were freed -- no leaks are possible
==6378== 
==6378== For lists of detected and suppressed errors, rerun with: -s
==6378== ERROR SUMMARY: 0 errors from 0 contexts (suppressed: 0 from 0)
</Value>
				</Measurement>
			</Results>
		</Test>
		<EndDateTime>Mar 22 09:23 -03</EndDateTime>
		<EndTestTime>1711110218</EndTestTime>
		<ElapsedMinutes>0</ElapsedMinutes>
	</Testing>
</Site>
