<?xml version="1.0" encoding="UTF-8"?>
<Site BuildName="linux-x86_64-gcc"
	BuildStamp="20240322-1223-Experimental"
	Name="leonel-GFAST"
	Generator="ctest-3.29.0-rc4"
	CompilerName=""
	CompilerVersion=""
	OSName="Linux"
	Hostname="leonel-GFAST"
	OSRelease="5.15.0-101-generic"
	OSVersion="#111-Ubuntu SMP Tue Mar 5 20:16:58 UTC 2024"
	OSPlatform="x86_64"
	Is64Bits="1"
	VendorString="GenuineIntel"
	VendorID="Intel Corporation"
	FamilyID="6"
	ModelID="58"
	ProcessorCacheSize="3072"
	NumberOfLogicalCPU="4"
	NumberOfPhysicalCPU="2"
	TotalVirtualMemory="3905"
	TotalPhysicalMemory="7395"
	LogicalProcessorsPerPhysical="2"
	ProcessorClockFrequency="2950.29"
	>
	<DynamicAnalysis Checker="Valgrind">
		<StartDateTime>Mar 22 09:23 -03</StartDateTime>
		<StartTestTime>1711110217</StartTestTime>
		<TestList>
			<Test>./tests/test_FirstProjectInCMake</Test>
		</TestList>
		<DefectList/>
		<EndDateTime>Mar 22 09:23 -03</EndDateTime>
		<EndTestTime>1711110218</EndTestTime>
		<ElapsedMinutes>0</ElapsedMinutes>
	</DynamicAnalysis>
</Site>
