<?xml version="1.0" encoding="UTF-8"?>
<Site BuildName="linux-x86_64-gcc"
	BuildStamp="20240322-1223-Experimental"
	Name="leonel-GFAST"
	Generator="ctest-3.29.0-rc4"
	CompilerName=""
	CompilerVersion=""
	OSName="Linux"
	Hostname="leonel-GFAST"
	OSRelease="5.15.0-101-generic"
	OSVersion="#111-Ubuntu SMP Tue Mar 5 20:16:58 UTC 2024"
	OSPlatform="x86_64"
	Is64Bits="1"
	VendorString="GenuineIntel"
	VendorID="Intel Corporation"
	FamilyID="6"
	ModelID="58"
	ProcessorCacheSize="3072"
	NumberOfLogicalCPU="4"
	NumberOfPhysicalCPU="2"
	TotalVirtualMemory="3905"
	TotalPhysicalMemory="7395"
	LogicalProcessorsPerPhysical="2"
	ProcessorClockFrequency="2993.53"
	>
	<Testing>
		<StartDateTime>Mar 22 09:23 -03</StartDateTime>
		<StartTestTime>1711110217</StartTestTime>
		<TestList>
			<Test>./tests/test_FirstProjectInCMake</Test>
		</TestList>
		<Test Status="passed">
			<Name>test_FirstProjectInCMake</Name>
			<Path>./tests</Path>
			<FullName>./tests/test_FirstProjectInCMake</FullName>
			<FullCommandLine>/home/leonel/Desktop/SOII/LAB0SETUP/build/tests/test_FirstProjectInCMake</FullCommandLine>
			<Results>
				<NamedMeasurement type="numeric/double" name="Execution Time">
					<Value>0.0147493</Value>
				</NamedMeasurement>
				<NamedMeasurement type="numeric/double" name="Processors">
					<Value>1</Value>
				</NamedMeasurement>
				<NamedMeasurement type="text/string" name="Completion Status">
					<Value>Completed</Value>
				</NamedMeasurement>
				<NamedMeasurement type="text/string" name="Command Line">
					<Value>/home/leonel/Desktop/SOII/LAB0SETUP/build/tests/test_FirstProjectInCMake</Value>
				</NamedMeasurement>
				<NamedMeasurement type="text/string" name="Environment">
					<Value>#CTEST_RESOURCE_GROUP_COUNT=</Value>
				</NamedMeasurement>
				<Measurement>
					<Value encoding="base64" compression="gzip">eJy9kE1uhDAMhfecIhcombas2E1/kFBbDRLTNQqJYdwJCXIM096+A2xYtFIXqF492db3nm2xbrUfRU++QYuuFUDkKZUn34G04B1Y+QThzL6X5SHP5ev+YVc+H98LWQ9ojWQIHOTjmzpDhhbC3KgypMAF+Q/QnLt5GhskWVUykJbWt6hjHbfaqNSPQBdCntyVE/CJYdZLJhBGsRIX5JNQwmDTAIFjwdhdjVTXR/afbxgc8rIxqepq25LqtrrmL6mXvL/lSJPbdG7PX66UMWmxL8tNyHdrchhqJqV5O/z9Gt8NlrG3X9vhkzXe4IgGFnh083NFiThOTLETmUI7EEwyb50nMCI6vETfEWAo3A==</Value>
				</Measurement>
			</Results>
		</Test>
		<EndDateTime>Mar 22 09:23 -03</EndDateTime>
		<EndTestTime>1711110217</EndTestTime>
		<ElapsedMinutes>0</ElapsedMinutes>
	</Testing>
</Site>
