Start testing: Mar 21 10:29 -03
----------------------------------------------------------
1/1 Testing: test_FirstProjectInCMake
1/1 Test: test_FirstProjectInCMake
Command: "/home/leonel/Desktop/SOII/LAB0SETUP/build/tests/test_FirstProjectInCMake"
Directory: /home/leonel/Desktop/SOII/LAB0SETUP/build/tests
"test_FirstProjectInCMake" start time: Mar 21 10:29 -03
Output:
----------------------------------------------------------
/home/leonel/Desktop/SOII/LAB0SETUP/tests/unit/test_unit_program.c:41:test_logic_add:PASS
/home/leonel/Desktop/SOII/LAB0SETUP/tests/unit/test_unit_program.c:42:test_logic_subtract:PASS
/home/leonel/Desktop/SOII/LAB0SETUP/tests/unit/test_unit_program.c:43:test_logic_multiply:PASS
/home/leonel/Desktop/SOII/LAB0SETUP/tests/unit/test_unit_program.c:44:test_logic_divide:PASS

-----------------------
4 Tests 0 Failures 0 Ignored 
OK
<end of output>
Test time =   0.00 sec
----------------------------------------------------------
Test Passed.
"test_FirstProjectInCMake" end time: Mar 21 10:29 -03
"test_FirstProjectInCMake" time elapsed: 00:00:00
----------------------------------------------------------

End testing: Mar 21 10:29 -03
